0 silly argv {
0 silly argv   _: [ 'bootstrap' ],
0 silly argv   lernaVersion: '4.0.0',
0 silly argv   '$0': 'node_modules/lerna/cli.js'
0 silly argv }
1 notice cli v4.0.0
2 verbose rootPath /Users/vacekj/Programming/hbarsnap
3 error JSONError: Unexpected token "}" (0x7D) in JSON at position 1017 while parsing near "...bip32\": \"^2.0.6\",\n  },\n  \"publishConfig\"..." in packages/snap/package.json
3 error
3 error [0m [90m 36 |[39m     [32m"@metamask/snaps-cli"[39m[33m:[39m [32m"^0.18.0"[39m[33m,[39m[0m
3 error [0m [90m 37 |[39m     [32m"bip32"[39m[33m:[39m [32m"^2.0.6"[39m[33m,[39m[0m
3 error [0m[31m[1m>[22m[39m[90m 38 |[39m   }[33m,[39m[0m
3 error [0m [90m    |[39m   [31m[1m^[22m[39m[0m
3 error [0m [90m 39 |[39m   [32m"publishConfig"[39m[33m:[39m {[0m
3 error [0m [90m 40 |[39m     [32m"access"[39m[33m:[39m [32m"public"[39m[33m,[39m[0m
3 error [0m [90m 41 |[39m     [32m"registry"[39m[33m:[39m [32m"https://registry.npmjs.org/"[39m[0m
3 error
3 error     at parseJson (/Users/vacekj/Programming/hbarsnap/node_modules/.pnpm/parse-json@5.2.0/node_modules/parse-json/index.js:29:21)
3 error     at parse (/Users/vacekj/Programming/hbarsnap/node_modules/.pnpm/load-json-file@6.2.0/node_modules/load-json-file/index.js:15:9)
3 error     at module.exports (/Users/vacekj/Programming/hbarsnap/node_modules/.pnpm/load-json-file@6.2.0/node_modules/load-json-file/index.js:18:47)
